<?xml version="1.0" encoding="UTF-8"?>
<!-- Generated by org.testng.reporters.JUnitReportReporter -->
<testsuite skipped="0" hostname="DESKTOP-T2GAL12" name="com.opencart.tests.MainTest" tests="2" failures="0" timestamp="2021-04-21T14:48:17 IST" time="29.564" errors="0">
  <testcase name="setup" time="19.135" classname="com.opencart.tests.MainTest"/>
  <system-out/>
  <testcase name="userLogin" time="10.429" classname="com.opencart.tests.MainTest"/>
  <system-out/>
</testsuite> <!-- com.opencart.tests.MainTest -->
