<?xml version="1.0" encoding="UTF-8"?>
<!-- Generated by org.testng.reporters.JUnitReportReporter -->
<testsuite skipped="0" hostname="WINCTRL-510G1N7" name="com.opencart.tests.AccountCreation" tests="1" failures="0" timestamp="2021-04-19T12:42:12 IST" time="10.398" errors="0">
  <testcase name="createAccount" time="10.398" classname="com.opencart.tests.AccountCreation"/>
  <system-out/>
</testsuite> <!-- com.opencart.tests.AccountCreation -->
