<?xml version="1.0" encoding="UTF-8"?>
<!-- Generated by org.testng.reporters.JUnitReportReporter -->
<testsuite hostname="LAPTOP-7CB5UQVM" failures="0" tests="1" name="com.opencart.tests.TestClass" time="20.474" errors="0" timestamp="2021-04-20T11:56:46 IST" skipped="0">
  <testcase classname="com.opencart.tests.TestClass" name="createAccountDetails" time="20.474"/>
  <system-out/>
</testsuite> <!-- com.opencart.tests.TestClass -->
