<?xml version="1.0" encoding="UTF-8"?>
<!-- Generated by org.testng.reporters.JUnitReportReporter -->
<testsuite skipped="0" hostname="WINCTRL-510G1N7" name="com.opencart.tests.OrderPlacementTest" tests="1" failures="0" timestamp="2021-04-19T22:40:18 IST" time="37.151" errors="0">
  <testcase name="orderProduct" time="37.151" classname="com.opencart.tests.OrderPlacementTest"/>
  <system-out/>
</testsuite> <!-- com.opencart.tests.OrderPlacementTest -->
