<?xml version="1.0" encoding="UTF-8"?>
<!-- Generated by org.testng.reporters.JUnitReportReporter -->
<testsuite hostname="LAPTOP-7CB5UQVM" failures="0" tests="1" name="com.opencart.tests.ClassTest" time="34.873" errors="0" timestamp="2021-04-20T11:46:21 IST" skipped="0">
  <testcase classname="com.opencart.tests.ClassTest" name="createAccountDetails" time="34.873"/>
  <system-out/>
</testsuite> <!-- com.opencart.tests.ClassTest -->
